ERROR Fri Dec 04 2020 16:17:27 GMT+0800 (CST) 二维码无效
ERROR Fri Dec 04 2020 16:17:27 GMT+0800 (CST) Error
    at MonkeyMaster.getQRCodeTicket (file:///Users/qiingzhou/work/test/monkey-master/main.js:75:13)
    at async MonkeyMaster.loginByQRCode (file:///Users/qiingzhou/work/test/monkey-master/main.js:88:22)
ERROR Fri Dec 04 2020 16:37:26 GMT+0800 (CST) 二维码无效
ERROR Fri Dec 04 2020 16:37:26 GMT+0800 (CST) 二维码无效
ERROR Fri Dec 04 2020 16:37:26 GMT+0800 (CST) 二维码无效
ERROR Fri Dec 04 2020 16:37:26 GMT+0800 (CST) 二维码无效
ERROR Fri Dec 04 2020 16:37:27 GMT+0800 (CST) 二维码无效
ERROR Fri Dec 04 2020 16:37:27 GMT+0800 (CST) 二维码无效
ERROR Fri Dec 04 2020 16:37:27 GMT+0800 (CST) 二维码无效
ERROR Fri Dec 04 2020 16:37:27 GMT+0800 (CST) 二维码无效
ERROR Fri Dec 04 2020 16:37:27 GMT+0800 (CST) 二维码无效
ERROR Fri Dec 04 2020 16:37:27 GMT+0800 (CST) 二维码无效
ERROR Fri Dec 04 2020 16:37:27 GMT+0800 (CST) 二维码无效
ERROR Fri Dec 04 2020 16:37:27 GMT+0800 (CST) 二维码无效
ERROR Fri Dec 04 2020 16:37:27 GMT+0800 (CST) 二维码无效
ERROR Fri Dec 04 2020 16:37:27 GMT+0800 (CST) 二维码无效
ERROR Fri Dec 04 2020 16:37:27 GMT+0800 (CST) 二维码无效
ERROR Fri Dec 04 2020 16:37:28 GMT+0800 (CST) 二维码无效
ERROR Fri Dec 04 2020 16:37:28 GMT+0800 (CST) 二维码无效
ERROR Fri Dec 04 2020 16:37:28 GMT+0800 (CST) 二维码无效
ERROR Fri Dec 04 2020 16:37:28 GMT+0800 (CST) 二维码无效
ERROR Fri Dec 04 2020 16:37:28 GMT+0800 (CST) 二维码无效
ERROR Fri Dec 04 2020 16:37:28 GMT+0800 (CST) 二维码无效
ERROR Fri Dec 04 2020 16:37:28 GMT+0800 (CST) 二维码无效
ERROR Fri Dec 04 2020 16:37:28 GMT+0800 (CST) 二维码无效
ERROR Fri Dec 04 2020 16:37:28 GMT+0800 (CST) 二维码无效
ERROR Fri Dec 04 2020 16:37:28 GMT+0800 (CST) 二维码无效
ERROR Fri Dec 04 2020 16:37:29 GMT+0800 (CST) 二维码无效
ERROR Fri Dec 04 2020 16:37:29 GMT+0800 (CST) 二维码无效
ERROR Fri Dec 04 2020 16:37:29 GMT+0800 (CST) 二维码无效
ERROR Fri Dec 04 2020 16:37:29 GMT+0800 (CST) 二维码无效
ERROR Fri Dec 04 2020 16:37:29 GMT+0800 (CST) 二维码无效
ERROR Fri Dec 04 2020 16:37:29 GMT+0800 (CST) 二维码无效
ERROR Fri Dec 04 2020 16:37:29 GMT+0800 (CST) 二维码无效
ERROR Fri Dec 04 2020 16:37:29 GMT+0800 (CST) 二维码无效
ERROR Fri Dec 04 2020 16:37:29 GMT+0800 (CST) 二维码无效
ERROR Fri Dec 04 2020 16:37:30 GMT+0800 (CST) 二维码无效
ERROR Fri Dec 04 2020 16:37:30 GMT+0800 (CST) 二维码无效
ERROR Fri Dec 04 2020 16:37:30 GMT+0800 (CST) 二维码无效
ERROR Fri Dec 04 2020 16:37:30 GMT+0800 (CST) 二维码无效
ERROR Fri Dec 04 2020 16:37:30 GMT+0800 (CST) 二维码无效
ERROR Fri Dec 04 2020 16:37:30 GMT+0800 (CST) 二维码无效
ERROR Fri Dec 04 2020 16:37:30 GMT+0800 (CST) 二维码无效
ERROR Fri Dec 04 2020 16:37:30 GMT+0800 (CST) 二维码无效
ERROR Fri Dec 04 2020 16:37:30 GMT+0800 (CST) 二维码无效
ERROR Fri Dec 04 2020 16:37:30 GMT+0800 (CST) 二维码无效
ERROR Fri Dec 04 2020 16:37:31 GMT+0800 (CST) 二维码无效
ERROR Fri Dec 04 2020 16:37:31 GMT+0800 (CST) 二维码无效
ERROR Fri Dec 04 2020 16:37:31 GMT+0800 (CST) 二维码无效
ERROR Fri Dec 04 2020 16:37:31 GMT+0800 (CST) 二维码无效
ERROR Fri Dec 04 2020 16:37:31 GMT+0800 (CST) 二维码无效
ERROR Fri Dec 04 2020 16:37:31 GMT+0800 (CST) 二维码无效
ERROR Fri Dec 04 2020 16:37:31 GMT+0800 (CST) 二维码无效
ERROR Fri Dec 04 2020 16:37:31 GMT+0800 (CST) 二维码无效
ERROR Fri Dec 04 2020 16:37:31 GMT+0800 (CST) 二维码无效
ERROR Fri Dec 04 2020 16:37:31 GMT+0800 (CST) 二维码无效
ERROR Fri Dec 04 2020 16:37:31 GMT+0800 (CST) 二维码无效
ERROR Fri Dec 04 2020 16:37:32 GMT+0800 (CST) 二维码无效
ERROR Fri Dec 04 2020 16:37:32 GMT+0800 (CST) 二维码无效
ERROR Fri Dec 04 2020 16:37:32 GMT+0800 (CST) 二维码无效
ERROR Fri Dec 04 2020 16:37:32 GMT+0800 (CST) 二维码无效
ERROR Fri Dec 04 2020 16:37:32 GMT+0800 (CST) 二维码无效
ERROR Fri Dec 04 2020 16:37:32 GMT+0800 (CST) 二维码无效
ERROR Fri Dec 04 2020 16:37:32 GMT+0800 (CST) 二维码无效
ERROR Fri Dec 04 2020 16:37:32 GMT+0800 (CST) 二维码无效
ERROR Fri Dec 04 2020 16:37:32 GMT+0800 (CST) 二维码无效
ERROR Fri Dec 04 2020 16:37:32 GMT+0800 (CST) 二维码无效
ERROR Fri Dec 04 2020 16:37:32 GMT+0800 (CST) 二维码无效
ERROR Fri Dec 04 2020 16:37:33 GMT+0800 (CST) 二维码无效
ERROR Fri Dec 04 2020 16:37:33 GMT+0800 (CST) 二维码无效
ERROR Fri Dec 04 2020 16:37:33 GMT+0800 (CST) 二维码无效
ERROR Fri Dec 04 2020 16:37:33 GMT+0800 (CST) 二维码无效
ERROR Fri Dec 04 2020 16:37:33 GMT+0800 (CST) 二维码无效
ERROR Fri Dec 04 2020 16:37:33 GMT+0800 (CST) 二维码无效
ERROR Fri Dec 04 2020 16:37:33 GMT+0800 (CST) 二维码无效
ERROR Fri Dec 04 2020 16:37:33 GMT+0800 (CST) 二维码无效
ERROR Fri Dec 04 2020 16:37:33 GMT+0800 (CST) 二维码无效
ERROR Fri Dec 04 2020 16:37:33 GMT+0800 (CST) 二维码无效
ERROR Fri Dec 04 2020 16:37:33 GMT+0800 (CST) 二维码无效
ERROR Fri Dec 04 2020 16:37:33 GMT+0800 (CST) 二维码无效
ERROR Fri Dec 04 2020 16:37:34 GMT+0800 (CST) 二维码无效
ERROR Fri Dec 04 2020 16:37:34 GMT+0800 (CST) 二维码无效
ERROR Fri Dec 04 2020 16:37:34 GMT+0800 (CST) 二维码无效
ERROR Fri Dec 04 2020 16:37:34 GMT+0800 (CST) 二维码无效
ERROR Fri Dec 04 2020 16:37:34 GMT+0800 (CST) 二维码无效
ERROR Fri Dec 04 2020 16:37:34 GMT+0800 (CST) 二维码无效
ERROR Fri Dec 04 2020 16:37:34 GMT+0800 (CST) 二维码无效
ERROR Fri Dec 04 2020 16:37:34 GMT+0800 (CST) 二维码无效
ERROR Fri Dec 04 2020 16:37:34 GMT+0800 (CST) 二维码无效
ERROR Fri Dec 04 2020 16:37:34 GMT+0800 (CST) 二维码无效
ERROR Fri Dec 04 2020 16:37:35 GMT+0800 (CST) 二维码无效
ERROR Fri Dec 04 2020 16:37:35 GMT+0800 (CST) 二维码无效
ERROR Fri Dec 04 2020 16:37:35 GMT+0800 (CST) 二维码无效
ERROR Fri Dec 04 2020 16:37:35 GMT+0800 (CST) 二维码无效
ERROR Fri Dec 04 2020 16:37:35 GMT+0800 (CST) 二维码无效
ERROR Fri Dec 04 2020 16:37:35 GMT+0800 (CST) 二维码无效
ERROR Fri Dec 04 2020 16:37:35 GMT+0800 (CST) 二维码无效
ERROR Fri Dec 04 2020 16:37:35 GMT+0800 (CST) 二维码无效
ERROR Fri Dec 04 2020 16:37:35 GMT+0800 (CST) 二维码无效
ERROR Fri Dec 04 2020 16:37:36 GMT+0800 (CST) 二维码无效
ERROR Fri Dec 04 2020 16:37:36 GMT+0800 (CST) 二维码无效
ERROR Fri Dec 04 2020 16:37:36 GMT+0800 (CST) 二维码无效
ERROR Fri Dec 04 2020 16:37:36 GMT+0800 (CST) 二维码无效
ERROR Fri Dec 04 2020 16:37:36 GMT+0800 (CST) 二维码无效
ERROR Fri Dec 04 2020 16:37:36 GMT+0800 (CST) 二维码无效
ERROR Fri Dec 04 2020 16:37:36 GMT+0800 (CST) 二维码无效
ERROR Fri Dec 04 2020 16:37:36 GMT+0800 (CST) 二维码无效
ERROR Fri Dec 04 2020 16:37:36 GMT+0800 (CST) 二维码无效
ERROR Fri Dec 04 2020 16:37:36 GMT+0800 (CST) 二维码无效
ERROR Fri Dec 04 2020 16:37:36 GMT+0800 (CST) 二维码无效
ERROR Fri Dec 04 2020 16:37:36 GMT+0800 (CST) 二维码无效
ERROR Fri Dec 04 2020 16:37:36 GMT+0800 (CST) 二维码无效
ERROR Fri Dec 04 2020 16:37:37 GMT+0800 (CST) 二维码无效
ERROR Fri Dec 04 2020 16:37:37 GMT+0800 (CST) 二维码无效
ERROR Fri Dec 04 2020 16:37:37 GMT+0800 (CST) 二维码无效
ERROR Fri Dec 04 2020 16:37:37 GMT+0800 (CST) 二维码无效
ERROR Fri Dec 04 2020 16:37:37 GMT+0800 (CST) 二维码无效
ERROR Fri Dec 04 2020 16:37:37 GMT+0800 (CST) 二维码无效
ERROR Fri Dec 04 2020 16:37:37 GMT+0800 (CST) 二维码无效
ERROR Fri Dec 04 2020 16:37:37 GMT+0800 (CST) 二维码无效
ERROR Fri Dec 04 2020 16:37:37 GMT+0800 (CST) 二维码无效
ERROR Fri Dec 04 2020 16:37:37 GMT+0800 (CST) 二维码无效
ERROR Fri Dec 04 2020 16:37:37 GMT+0800 (CST) 二维码无效
ERROR Fri Dec 04 2020 16:37:37 GMT+0800 (CST) 二维码无效
ERROR Fri Dec 04 2020 16:37:38 GMT+0800 (CST) 二维码无效
ERROR Fri Dec 04 2020 16:37:38 GMT+0800 (CST) 二维码无效
ERROR Fri Dec 04 2020 16:37:38 GMT+0800 (CST) 二维码无效
ERROR Fri Dec 04 2020 16:37:38 GMT+0800 (CST) 二维码无效
ERROR Fri Dec 04 2020 16:37:38 GMT+0800 (CST) 二维码无效
ERROR Fri Dec 04 2020 16:37:38 GMT+0800 (CST) 二维码无效
ERROR Fri Dec 04 2020 16:37:38 GMT+0800 (CST) 二维码无效
ERROR Fri Dec 04 2020 16:37:38 GMT+0800 (CST) 二维码无效
ERROR Fri Dec 04 2020 16:37:38 GMT+0800 (CST) 二维码无效
ERROR Fri Dec 04 2020 16:37:38 GMT+0800 (CST) 二维码无效
ERROR Fri Dec 04 2020 16:37:38 GMT+0800 (CST) 二维码无效
ERROR Fri Dec 04 2020 16:37:38 GMT+0800 (CST) 二维码无效
ERROR Fri Dec 04 2020 16:37:38 GMT+0800 (CST) 二维码无效
ERROR Fri Dec 04 2020 16:37:39 GMT+0800 (CST) 二维码无效
ERROR Fri Dec 04 2020 16:37:39 GMT+0800 (CST) 二维码无效
ERROR Fri Dec 04 2020 16:37:39 GMT+0800 (CST) 二维码无效
ERROR Fri Dec 04 2020 16:37:39 GMT+0800 (CST) 二维码无效
ERROR Fri Dec 04 2020 16:37:39 GMT+0800 (CST) 二维码无效
ERROR Fri Dec 04 2020 16:37:39 GMT+0800 (CST) 二维码无效
ERROR Fri Dec 04 2020 16:37:39 GMT+0800 (CST) 二维码无效
ERROR Fri Dec 04 2020 16:37:39 GMT+0800 (CST) 二维码无效
ERROR Fri Dec 04 2020 16:37:39 GMT+0800 (CST) 二维码无效
ERROR Fri Dec 04 2020 16:37:39 GMT+0800 (CST) 二维码无效
ERROR Fri Dec 04 2020 16:37:40 GMT+0800 (CST) 二维码无效
ERROR Fri Dec 04 2020 16:37:40 GMT+0800 (CST) 二维码无效
ERROR Fri Dec 04 2020 16:37:40 GMT+0800 (CST) 二维码无效
ERROR Fri Dec 04 2020 16:37:40 GMT+0800 (CST) 二维码无效
ERROR Fri Dec 04 2020 16:37:40 GMT+0800 (CST) 二维码无效
ERROR Fri Dec 04 2020 16:37:40 GMT+0800 (CST) 二维码无效
ERROR Fri Dec 04 2020 16:37:40 GMT+0800 (CST) 二维码无效
ERROR Fri Dec 04 2020 16:37:40 GMT+0800 (CST) 二维码无效
ERROR Fri Dec 04 2020 16:37:41 GMT+0800 (CST) 二维码无效
ERROR Fri Dec 04 2020 16:37:41 GMT+0800 (CST) 二维码无效
ERROR Fri Dec 04 2020 16:37:41 GMT+0800 (CST) 二维码无效
ERROR Fri Dec 04 2020 16:37:41 GMT+0800 (CST) 二维码无效
ERROR Fri Dec 04 2020 16:37:41 GMT+0800 (CST) 二维码无效
ERROR Fri Dec 04 2020 16:37:41 GMT+0800 (CST) 二维码无效
ERROR Fri Dec 04 2020 16:37:41 GMT+0800 (CST) 二维码无效
ERROR Fri Dec 04 2020 16:37:41 GMT+0800 (CST) 二维码无效
ERROR Fri Dec 04 2020 16:37:41 GMT+0800 (CST) 二维码无效
ERROR Fri Dec 04 2020 16:37:42 GMT+0800 (CST) 二维码无效
ERROR Fri Dec 04 2020 16:37:42 GMT+0800 (CST) 二维码无效
ERROR Fri Dec 04 2020 16:37:42 GMT+0800 (CST) 二维码无效
ERROR Fri Dec 04 2020 16:37:42 GMT+0800 (CST) 二维码无效
ERROR Fri Dec 04 2020 16:37:42 GMT+0800 (CST) 二维码无效
ERROR Fri Dec 04 2020 16:37:42 GMT+0800 (CST) 二维码无效
ERROR Fri Dec 04 2020 16:37:42 GMT+0800 (CST) 二维码无效
ERROR Fri Dec 04 2020 16:37:42 GMT+0800 (CST) 二维码无效
ERROR Fri Dec 04 2020 16:37:42 GMT+0800 (CST) 二维码无效
ERROR Fri Dec 04 2020 16:37:42 GMT+0800 (CST) 二维码无效
ERROR Fri Dec 04 2020 16:37:43 GMT+0800 (CST) 二维码无效
ERROR Fri Dec 04 2020 16:37:43 GMT+0800 (CST) 二维码无效
ERROR Fri Dec 04 2020 16:37:43 GMT+0800 (CST) 二维码无效
ERROR Fri Dec 04 2020 16:37:43 GMT+0800 (CST) 二维码无效
ERROR Fri Dec 04 2020 16:37:43 GMT+0800 (CST) 二维码无效
ERROR Fri Dec 04 2020 16:37:43 GMT+0800 (CST) 二维码无效
ERROR Fri Dec 04 2020 16:37:44 GMT+0800 (CST) 二维码无效
ERROR Fri Dec 04 2020 16:37:44 GMT+0800 (CST) 二维码无效
ERROR Fri Dec 04 2020 16:37:44 GMT+0800 (CST) 二维码无效
ERROR Fri Dec 04 2020 16:37:44 GMT+0800 (CST) 二维码无效
ERROR Fri Dec 04 2020 16:37:44 GMT+0800 (CST) 二维码无效
ERROR Fri Dec 04 2020 16:37:44 GMT+0800 (CST) 二维码无效
ERROR Fri Dec 04 2020 16:37:44 GMT+0800 (CST) 二维码无效
ERROR Fri Dec 04 2020 16:37:45 GMT+0800 (CST) 二维码无效
ERROR Fri Dec 04 2020 16:37:45 GMT+0800 (CST) 二维码无效
ERROR Fri Dec 04 2020 16:37:45 GMT+0800 (CST) 二维码无效
ERROR Fri Dec 04 2020 16:37:45 GMT+0800 (CST) 二维码无效
ERROR Fri Dec 04 2020 16:37:45 GMT+0800 (CST) 二维码无效
ERROR Fri Dec 04 2020 16:37:45 GMT+0800 (CST) 二维码无效
ERROR Fri Dec 04 2020 16:37:45 GMT+0800 (CST) 二维码无效
ERROR Fri Dec 04 2020 16:37:45 GMT+0800 (CST) 二维码无效
ERROR Fri Dec 04 2020 16:37:45 GMT+0800 (CST) 二维码无效
ERROR Fri Dec 04 2020 16:37:46 GMT+0800 (CST) 二维码无效
ERROR Fri Dec 04 2020 16:37:46 GMT+0800 (CST) 二维码无效
ERROR Fri Dec 04 2020 16:37:46 GMT+0800 (CST) 二维码无效
ERROR Fri Dec 04 2020 16:37:46 GMT+0800 (CST) 二维码无效
ERROR Fri DeERROR Fri Dec 04 2020 16:49:38 GMT+0800 (CST) 二维码无效
ERROR Fri Dec 04 2020 16:49:40 GMT+0800 (CST) 二维码无效
ERROR Fri Dec 04 2020 16:49:42 GMT+0800 (CST) 二维码无效
ERROR Fri Dec 04 2020 16:49:45 GMT+0800 (CST) 二维码无效
ERROR Fri Dec 04 2020 16:49:47 GMT+0800 (CST) 二维码无效
ERROR Fri Dec 04 2020 16:49:49 GMT+0800 (CST) 二维码无效
ERROR Fri Dec 04 2020 16:49:51 GMT+0800 (CST) 二维码无效
ERROR Fri Dec 04 2020 16:49:53 GMT+0800 (CST) 二维码无效
ERROR Fri Dec 04 2020 16:49:55 GMT+0800 (CST) 二维码无效
ERROR Fri Dec 04 2020 16:49:57 GMT+0800 (CST) 二维码无效
ERROR Fri Dec 04 2020 16:49:59 GMT+0800 (CST) 二维码无效
ERROR Fri Dec 04 2020 16:50:01 GMT+0800 (CST) 二维码无效
ERROR Fri Dec 04 2020 16:50:03 GMT+0800 (CST) 二维码无效
ERROR Fri Dec 04 2020 16:50:06 GMT+0800 (CST) 二维码无效
ERROR Fri Dec 04 2020 16:51:53 GMT+0800 (CST) 二维码无效
ERROR Fri Dec 04 2020 16:51:55 GMT+0800 (CST) 二维码无效
ERROR Fri Dec 04 2020 16:51:57 GMT+0800 (CST) 二维码无效
ERROR Fri Dec 04 2020 16:51:59 GMT+0800 (CST) 二维码无效
ERROR Fri Dec 04 2020 16:52:01 GMT+0800 (CST) 二维码无效
ERROR Fri Dec 04 2020 16:52:03 GMT+0800 (CST) 二维码无效
ERROR Fri Dec 04 2020 16:52:06 GMT+0800 (CST) 二维码无效
ERROR Fri Dec 04 2020 16:52:08 GMT+0800 (CST) 二维码无效
ERROR Fri Dec 04 2020 16:52:10 GMT+0800 (CST) 二维码无效
ERROR Fri Dec 04 2020 16:52:12 GMT+0800 (CST) 二维码无效
ERROR Fri Dec 04 2020 16:52:14 GMT+0800 (CST) 二维码无效
ERROR Fri Dec 04 2020 16:52:16 GMT+0800 (CST) 二维码无效
ERROR Fri Dec 04 2020 16:52:18 GMT+0800 (CST) 二维码无效
ERROR Fri Dec 04 2020 16:52:20 GMT+0800 (CST) 二维码无效
ERROR Fri Dec 04 2020 16:52:22 GMT+0800 (CST) 二维码无效
ERROR Fri Dec 04 2020 17:46:17 GMT+0800 (CST) 参数错误
ERROR Fri Dec 04 2020 17:46:19 GMT+0800 (CST) 参数错误
ERROR Fri Dec 04 2020 17:46:21 GMT+0800 (CST) 参数错误
ERROR Fri Dec 04 2020 17:46:23 GMT+0800 (CST) 参数错误
ERROR Fri Dec 04 2020 17:46:25 GMT+0800 (CST) 参数错误
ERROR Fri Dec 04 2020 17:46:27 GMT+0800 (CST) 参数错误
ERROR Fri Dec 04 2020 17:46:29 GMT+0800 (CST) 参数错误
ERROR Fri Dec 04 2020 17:46:31 GMT+0800 (CST) 参数错误
ERROR Fri Dec 04 2020 17:46:34 GMT+0800 (CST) 参数错误
ERROR Fri Dec 04 2020 17:46:36 GMT+0800 (CST) 参数错误
ERROR Fri Dec 04 2020 17:46:38 GMT+0800 (CST) 参数错误
ERROR Fri Dec 04 2020 17:46:40 GMT+0800 (CST) 参数错误
ERROR Fri Dec 04 2020 17:46:42 GMT+0800 (CST) 参数错误
ERROR Fri Dec 04 2020 17:46:45 GMT+0800 (CST) 参数错误
ERROR Fri Dec 04 2020 17:46:47 GMT+0800 (CST) 参数错误
ERROR Mon Dec 07 2020 12:00:59 GMT+0800 (CST) 二维码无效
ERROR Mon Dec 07 2020 12:01:01 GMT+0800 (CST) 二维码无效
ERROR Mon Dec 07 2020 12:01:03 GMT+0800 (CST) 二维码无效
ERROR Mon Dec 07 2020 12:01:05 GMT+0800 (CST) 二维码无效
ERROR Mon Dec 07 2020 12:01:07 GMT+0800 (CST) 二维码无效
ERROR Mon Dec 07 2020 12:01:09 GMT+0800 (CST) 二维码无效
ERROR Mon Dec 07 2020 12:01:12 GMT+0800 (CST) 二维码无效
ERROR Mon Dec 07 2020 12:01:14 GMT+0800 (CST) 二维码无效
ERROR Mon Dec 07 2020 12:01:16 GMT+0800 (CST) 二维码无效
ERROR Mon Dec 07 2020 12:01:18 GMT+0800 (CST) 二维码无效
ERROR Mon Dec 07 2020 12:01:20 GMT+0800 (CST) 二维码无效
ERROR Mon Dec 07 2020 12:01:22 GMT+0800 (CST) 二维码无效
ERROR Mon Dec 07 2020 12:01:24 GMT+0800 (CST) 二维码无效
ERROR Mon Dec 07 2020 12:01:26 GMT+0800 (CST) 二维码无效
ERROR Mon Dec 07 2020 12:01:28 GMT+0800 (CST) 二维码无效
ERROR Mon Dec 07 2020 13:52:17 GMT+0800 (CST) 二维码无效
ERROR Mon Dec 07 2020 13:52:19 GMT+0800 (CST) 二维码无效
ERROR Mon Dec 07 2020 13:52:21 GMT+0800 (CST) 二维码无效
ERROR Mon Dec 07 2020 13:52:23 GMT+0800 (CST) 二维码无效
ERROR Mon Dec 07 2020 13:52:26 GMT+0800 (CST) 二维码无效
ERROR Mon Dec 07 2020 13:52:28 GMT+0800 (CST) 二维码无效
ERROR Mon Dec 07 2020 13:52:30 GMT+0800 (CST) 二维码无效
ERROR Mon Dec 07 2020 13:52:32 GMT+0800 (CST) 二维码无效
ERROR Mon Dec 07 2020 13:52:34 GMT+0800 (CST) 二维码无效
ERROR Mon Dec 07 2020 13:52:36 GMT+0800 (CST) 二维码无效
ERROR Mon Dec 07 2020 13:52:38 GMT+0800 (CST) 二维码无效
ERROR Mon Dec 07 2020 13:52:40 GMT+0800 (CST) 二维码无效
ERROR Mon Dec 07 2020 13:52:42 GMT+0800 (CST) 二维码无效
ERROR Mon Dec 07 2020 13:52:44 GMT+0800 (CST) 二维码无效
ERROR Mon Dec 07 2020 13:52:46 GMT+0800 (CST) 二维码无效
ERROR Mon Dec 07 2020 17:33:20 GMT+0800 (CST) 二维码无效
ERROR Mon Dec 07 2020 17:33:22 GMT+0800 (CST) 二维码无效
ERROR Mon Dec 07 2020 17:33:24 GMT+0800 (CST) 二维码无效
ERROR Mon Dec 07 2020 17:33:26 GMT+0800 (CST) 二维码无效
ERROR Mon Dec 07 2020 17:33:28 GMT+0800 (CST) 二维码无效
ERROR Mon Dec 07 2020 17:33:30 GMT+0800 (CST) 二维码无效
ERROR Mon Dec 07 2020 17:33:32 GMT+0800 (CST) 二维码无效
ERROR Mon Dec 07 2020 17:33:34 GMT+0800 (CST) 二维码无效
ERROR Mon Dec 07 2020 17:33:36 GMT+0800 (CST) 二维码无效
ERROR Mon Dec 07 2020 17:33:38 GMT+0800 (CST) 二维码无效
ERROR Mon Dec 07 2020 17:33:40 GMT+0800 (CST) 二维码无效
ERROR Mon Dec 07 2020 17:33:42 GMT+0800 (CST) 二维码无效
ERROR Mon Dec 07 2020 17:33:45 GMT+0800 (CST) 二维码无效
ERROR Mon Dec 07 2020 17:33:47 GMT+0800 (CST) 二维码无效
ERROR Mon Dec 07 2020 17:33:49 GMT+0800 (CST) 二维码无效
ERROR Mon Dec 07 2020 17:44:49 GMT+0800 (CST) 二维码无效
ERROR Mon Dec 07 2020 17:44:51 GMT+0800 (CST) 二维码无效
ERROR Mon Dec 07 2020 17:44:53 GMT+0800 (CST) 二维码无效
ERROR Mon Dec 07 2020 17:44:55 GMT+0800 (CST) 二维码无效
ERROR Mon Dec 07 2020 17:44:57 GMT+0800 (CST) 二维码无效
ERROR Mon Dec 07 2020 17:44:59 GMT+0800 (CST) 二维码无效
ERROR Mon Dec 07 2020 17:45:01 GMT+0800 (CST) 二维码无效
ERROR Mon Dec 07 2020 17:45:03 GMT+0800 (CST) 二维码无效
ERROR Mon Dec 07 2020 17:45:05 GMT+0800 (CST) 二维码无效
ERROR Mon Dec 07 2020 17:45:07 GMT+0800 (CST) 二维码无效
ERROR Mon Dec 07 2020 17:45:09 GMT+0800 (CST) 二维码无效
ERROR Mon Dec 07 2020 17:45:12 GMT+0800 (CST) 二维码无效
ERROR Mon Dec 07 2020 17:45:14 GMT+0800 (CST) 二维码无效
ERROR Mon Dec 07 2020 17:45:16 GMT+0800 (CST) 二维码无效
ERROR Mon Dec 07 2020 17:45:18 GMT+0800 (CST) 二维码无效
ERROR Mon Dec 07 2020 17:45:56 GMT+0800 (CST) 二维码无效
ERROR Mon Dec 07 2020 17:45:58 GMT+0800 (CST) 二维码无效
ERROR Mon Dec 07 2020 17:46:00 GMT+0800 (CST) 二维码无效
ERROR Mon Dec 07 2020 17:46:02 GMT+0800 (CST) 二维码无效
ERROR Mon Dec 07 2020 17:46:04 GMT+0800 (CST) 二维码无效
ERROR Mon Dec 07 2020 17:46:06 GMT+0800 (CST) 二维码无效
ERROR Mon Dec 07 2020 17:46:09 GMT+0800 (CST) 二维码无效
ERROR Mon Dec 07 2020 17:46:11 GMT+0800 (CST) 二维码无效
ERROR Mon Dec 07 2020 17:46:13 GMT+0800 (CST) 二维码无效
ERROR Mon Dec 07 2020 17:46:15 GMT+0800 (CST) 二维码无效
ERROR Mon Dec 07 2020 17:46:17 GMT+0800 (CST) 二维码无效
ERROR Mon Dec 07 2020 17:46:19 GMT+0800 (CST) 二维码无效
ERROR Mon Dec 07 2020 17:46:21 GMT+0800 (CST) 二维码无效
ERROR Mon Dec 07 2020 17:46:23 GMT+0800 (CST) 二维码无效
ERROR Mon Dec 07 2020 17:46:25 GMT+0800 (CST) 二维码无效
ERROR Tue Dec 08 2020 17:20:59 GMT+0800 (CST) 参数错误
ERROR Tue Dec 08 2020 17:21:01 GMT+0800 (CST) 参数错误
ERROR Tue Dec 08 2020 17:21:03 GMT+0800 (CST) 参数错误
ERROR Tue Dec 08 2020 17:21:05 GMT+0800 (CST) 参数错误
ERROR Tue Dec 08 2020 17:21:07 GMT+0800 (CST) 参数错误
ERROR Tue Dec 08 2020 17:21:09 GMT+0800 (CST) 参数错误
ERROR Tue Dec 08 2020 17:21:11 GMT+0800 (CST) 参数错误
ERROR Tue Dec 08 2020 17:21:13 GMT+0800 (CST) 参数错误
ERROR Tue Dec 08 2020 17:21:15 GMT+0800 (CST) 参数错误
ERROR Tue Dec 08 2020 17:21:17 GMT+0800 (CST) 参数错误
ERROR Tue Dec 08 2020 17:21:20 GMT+0800 (CST) 参数错误
ERROR Tue Dec 08 2020 17:21:22 GMT+0800 (CST) 参数错误
ERROR Tue Dec 08 2020 17:21:24 GMT+0800 (CST) 参数错误
ERROR Tue Dec 08 2020 17:21:26 GMT+0800 (CST) 参数错误
ERROR Tue Dec 08 2020 17:21:28 GMT+0800 (CST) 参数错误
ERROR Tue Dec 08 2020 18:03:30 GMT+0800 (CST) 二维码未扫描，请扫描二维码
ERROR Tue Dec 08 2020 18:03:32 GMT+0800 (CST) 二维码未扫描，请扫描二维码
ERROR Tue Dec 08 2020 18:03:34 GMT+0800 (CST) 二维码未扫描，请扫描二维码
ERROR Tue Dec 08 2020 18:03:36 GMT+0800 (CST) 二维码未扫描，请扫描二维码
ERROR Tue Dec 08 2020 18:03:38 GMT+0800 (CST) 二维码未扫描，请扫描二维码
ERROR Tue Dec 08 2020 18:03:40 GMT+0800 (CST) 二维码未扫描，请扫描二维码
ERROR Tue Dec 08 2020 18:03:42 GMT+0800 (CST) 二维码未扫描，请扫描二维码
ERROR Tue Dec 08 2020 18:09:51 GMT+0800 (CST) 二维码未扫描，请扫描二维码
ERROR Tue Dec 08 2020 18:09:53 GMT+0800 (CST) 二维码未扫描，请扫描二维码
ERROR Tue Dec 08 2020 18:09:56 GMT+0800 (CST) 二维码未扫描，请扫描二维码
ERROR Tue Dec 08 2020 18:09:58 GMT+0800 (CST) 二维码未扫描，请扫描二维码
ERROR Tue Dec 08 2020 18:10:00 GMT+0800 (CST) 二维码未扫描，请扫描二维码
ERROR Tue Dec 08 2020 18:10:50 GMT+0800 (CST) 二维码未扫描，请扫描二维码
ERROR Tue Dec 08 2020 18:10:52 GMT+0800 (CST) 二维码未扫描，请扫描二维码
ERROR Tue Dec 08 2020 18:10:54 GMT+0800 (CST) 二维码未扫描，请扫描二维码
ERROR Tue Dec 08 2020 18:10:56 GMT+0800 (CST) 二维码未扫描，请扫描二维码
ERROR Tue Dec 08 2020 18:10:58 GMT+0800 (CST) 二维码未扫描，请扫描二维码
ERROR Tue Dec 08 2020 18:11:00 GMT+0800 (CST) 请手机客户端确认登录
ERROR Tue Dec 08 2020 18:12:00 GMT+0800 (CST) 二维码未扫描，请扫描二维码
ERROR Tue Dec 08 2020 18:12:02 GMT+0800 (CST) 二维码未扫描，请扫描二维码
ERROR Tue Dec 08 2020 18:12:04 GMT+0800 (CST) 二维码未扫描，请扫描二维码
ERROR Tue Dec 08 2020 18:12:06 GMT+0800 (CST) 二维码未扫描，请扫描二维码
ERROR Tue Dec 08 2020 18:12:09 GMT+0800 (CST) 请手机客户端确认登录
ERROR Tue Dec 08 2020 18:12:30 GMT+0800 (CST) 二维码未扫描，请扫描二维码
ERROR Tue Dec 08 2020 18:12:32 GMT+0800 (CST) 二维码未扫描，请扫描二维码
ERROR Tue Dec 08 2020 18:12:34 GMT+0800 (CST) 二维码未扫描，请扫描二维码
ERROR Tue Dec 08 2020 18:12:37 GMT+0800 (CST) 二维码未扫描，请扫描二维码
ERROR Tue Dec 08 2020 18:13:24 GMT+0800 (CST) 二维码未扫描，请扫描二维码
ERROR Tue Dec 08 2020 18:13:26 GMT+0800 (CST) 二维码未扫描，请扫描二维码
ERROR Tue Dec 08 2020 18:13:28 GMT+0800 (CST) 二维码未扫描，请扫描二维码
ERROR Tue Dec 08 2020 18:13:30 GMT+0800 (CST) 二维码未扫描，请扫描二维码
ERROR Tue Dec 08 2020 18:16:07 GMT+0800 (CST) 二维码未扫描，请扫描二维码
ERROR Tue Dec 08 2020 18:16:09 GMT+0800 (CST) 二维码未扫描，请扫描二维码
ERROR Tue Dec 08 2020 18:16:11 GMT+0800 (CST) 二维码未扫描，请扫描二维码
ERROR Tue Dec 08 2020 18:16:13 GMT+0800 (CST) 二维码未扫描，请扫描二维码
ERROR Tue Dec 08 2020 18:16:16 GMT+0800 (CST) 二维码未扫描，请扫描二维码
